# JRE version: OpenJDK Runtime Environment (17.0.10) (build 17.0.10+0--11572160)
# Java VM: OpenJDK 64-Bit Server VM (17.0.10+0--11572160, mixed mode, tiered, compressed oops, compressed class ptrs, g1 gc, windows-amd64)
GC Precious Log:
 CPUs: 12 total, 12 available
 Memory: 6005M
 Large Page Support: Disabled
 NUMA Support: Disabled
 Compressed Oops: Enabled (32-bit)
 Heap Region Size: 1M
 Heap Min Capacity: 8M
 Heap Initial Capacity: 94M
 Heap Max Capacity: 1502M
 Pre-touch: Disabled
 Parallel Workers: 10
 Concurrent Workers: 3
 Concurrent Refinement Workers: 10
 Periodic GC: Disabled
Heap:
 garbage-first heap   total 208896K, used 152764K [0x00000000a2200000, 0x0000000100000000)
  region size 1024K, 69 young (70656K), 3 survivors (3072K)
 Metaspace       used 89601K, committed 89920K, reserved 1179648K
  class space    used 9764K, committed 9920K, reserved 1048576K
GC Heap History (20 events):
Event: 11.702 GC heap before
{Heap before GC invocations=18 (full 0):
 garbage-first heap   total 79872K, used 61125K [0x00000000a2200000, 0x0000000100000000)
  region size 1024K, 22 young (22528K), 2 survivors (2048K)
 Metaspace       used 56646K, committed 56896K, reserved 1114112K
  class space    used 6707K, committed 6848K, reserved 1048576K
}
Event: 11.717 GC heap after
{Heap after GC invocations=19 (full 0):
 garbage-first heap   total 79872K, used 44956K [0x00000000a2200000, 0x0000000100000000)
  region size 1024K, 3 young (3072K), 3 survivors (3072K)
 Metaspace       used 56646K, committed 56896K, reserved 1114112K
  class space    used 6707K, committed 6848K, reserved 1048576K
}
Event: 11.882 GC heap before
{Heap before GC invocations=20 (full 0):
 garbage-first heap   total 80896K, used 62364K [0x00000000a2200000, 0x0000000100000000)
  region size 1024K, 20 young (20480K), 3 survivors (3072K)
 Metaspace       used 56894K, committed 57152K, reserved 1114112K
  class space    used 6725K, committed 6848K, reserved 1048576K
}
Event: 11.895 GC heap after
{Heap after GC invocations=21 (full 0):
 garbage-first heap   total 80896K, used 47980K [0x00000000a2200000, 0x0000000100000000)
  region size 1024K, 3 young (3072K), 3 survivors (3072K)
 Metaspace       used 56894K, committed 57152K, reserved 1114112K
  class space    used 6725K, committed 6848K, reserved 1048576K
}
Event: 11.930 GC heap before
{Heap before GC invocations=21 (full 0):
 garbage-first heap   total 80896K, used 63340K [0x00000000a2200000, 0x0000000100000000)
  region size 1024K, 18 young (18432K), 3 survivors (3072K)
 Metaspace       used 56912K, committed 57152K, reserved 1114112K
  class space    used 6725K, committed 6848K, reserved 1048576K
}
Event: 11.935 GC heap after
{Heap after GC invocations=22 (full 0):
 garbage-first heap   total 80896K, used 48532K [0x00000000a2200000, 0x0000000100000000)
  region size 1024K, 1 young (1024K), 1 survivors (1024K)
 Metaspace       used 56912K, committed 57152K, reserved 1114112K
  class space    used 6725K, committed 6848K, reserved 1048576K
}
Event: 11.989 GC heap before
{Heap before GC invocations=22 (full 0):
 garbage-first heap   total 104448K, used 64916K [0x00000000a2200000, 0x0000000100000000)
  region size 1024K, 17 young (17408K), 1 survivors (1024K)
 Metaspace       used 56912K, committed 57152K, reserved 1114112K
  class space    used 6725K, committed 6848K, reserved 1048576K
}
Event: 11.990 GC heap after
{Heap after GC invocations=23 (full 0):
 garbage-first heap   total 104448K, used 48146K [0x00000000a2200000, 0x0000000100000000)
  region size 1024K, 1 young (1024K), 1 survivors (1024K)
 Metaspace       used 56912K, committed 57152K, reserved 1114112K
  class space    used 6725K, committed 6848K, reserved 1048576K
}
Event: 12.948 GC heap before
{Heap before GC invocations=24 (full 0):
 garbage-first heap   total 104448K, used 79890K [0x00000000a2200000, 0x0000000100000000)
  region size 1024K, 32 young (32768K), 1 survivors (1024K)
 Metaspace       used 61050K, committed 61312K, reserved 1114112K
  class space    used 7317K, committed 7424K, reserved 1048576K
}
Event: 12.960 GC heap after
{Heap after GC invocations=25 (full 0):
 garbage-first heap   total 208896K, used 51242K [0x00000000a2200000, 0x0000000100000000)
  region size 1024K, 4 young (4096K), 4 survivors (4096K)
 Metaspace       used 61050K, committed 61312K, reserved 1114112K
  class space    used 7317K, committed 7424K, reserved 1048576K
}
Event: 13.320 GC heap before
{Heap before GC invocations=25 (full 0):
 garbage-first heap   total 208896K, used 57386K [0x00000000a2200000, 0x0000000100000000)
  region size 1024K, 10 young (10240K), 4 survivors (4096K)
 Metaspace       used 61736K, committed 62016K, reserved 1114112K
  class space    used 7372K, committed 7488K, reserved 1048576K
}
Event: 13.327 GC heap after
{Heap after GC invocations=26 (full 0):
 garbage-first heap   total 208896K, used 51404K [0x00000000a2200000, 0x0000000100000000)
  region size 1024K, 2 young (2048K), 2 survivors (2048K)
 Metaspace       used 61736K, committed 62016K, reserved 1114112K
  class space    used 7372K, committed 7488K, reserved 1048576K
}
Event: 17.610 GC heap before
{Heap before GC invocations=26 (full 0):
 garbage-first heap   total 208896K, used 152780K [0x00000000a2200000, 0x0000000100000000)
  region size 1024K, 101 young (103424K), 2 survivors (2048K)
 Metaspace       used 66815K, committed 67136K, reserved 1114112K
  class space    used 7687K, committed 7872K, reserved 1048576K
}
Event: 17.630 GC heap after
{Heap after GC invocations=27 (full 0):
 garbage-first heap   total 208896K, used 63944K [0x00000000a2200000, 0x0000000100000000)
  region size 1024K, 13 young (13312K), 13 survivors (13312K)
 Metaspace       used 66815K, committed 67136K, reserved 1114112K
  class space    used 7687K, committed 7872K, reserved 1048576K
}
Event: 20.602 GC heap before
{Heap before GC invocations=27 (full 0):
 garbage-first heap   total 208896K, used 146888K [0x00000000a2200000, 0x0000000100000000)
  region size 1024K, 92 young (94208K), 13 survivors (13312K)
 Metaspace       used 73730K, committed 74048K, reserved 1179648K
  class space    used 8333K, committed 8512K, reserved 1048576K
}
Event: 20.638 GC heap after
{Heap after GC invocations=28 (full 0):
 garbage-first heap   total 208896K, used 74046K [0x00000000a2200000, 0x0000000100000000)
  region size 1024K, 8 young (8192K), 8 survivors (8192K)
 Metaspace       used 73730K, committed 74048K, reserved 1179648K
  class space    used 8333K, committed 8512K, reserved 1048576K
}
Event: 22.323 GC heap before
{Heap before GC invocations=28 (full 0):
 garbage-first heap   total 208896K, used 152894K [0x00000000a2200000, 0x0000000100000000)
  region size 1024K, 85 young (87040K), 8 survivors (8192K)
 Metaspace       used 83151K, committed 83456K, reserved 1179648K
  class space    used 9318K, committed 9472K, reserved 1048576K
}
Event: 22.345 GC heap after
{Heap after GC invocations=29 (full 0):
 garbage-first heap   total 208896K, used 83968K [0x00000000a2200000, 0x0000000100000000)
  region size 1024K, 10 young (10240K), 10 survivors (10240K)
 Metaspace       used 83151K, committed 83456K, reserved 1179648K
  class space    used 9318K, committed 9472K, reserved 1048576K
}
Event: 23.194 GC heap before
{Heap before GC invocations=29 (full 0):
 garbage-first heap   total 208896K, used 158720K [0x00000000a2200000, 0x0000000100000000)
  region size 1024K, 83 young (84992K), 10 survivors (10240K)
 Metaspace       used 84348K, committed 84672K, reserved 1179648K
  class space    used 9366K, committed 9536K, reserved 1048576K
}
Event: 23.209 GC heap after
{Heap after GC invocations=30 (full 0):
 garbage-first heap   total 208896K, used 86204K [0x00000000a2200000, 0x0000000100000000)
  region size 1024K, 3 young (3072K), 3 survivors (3072K)
 Metaspace       used 84348K, committed 84672K, reserved 1179648K
  class space    used 9366K, committed 9536K, reserved 1048576K
}

