# JRE version: OpenJDK Runtime Environment (17.0.10) (build 17.0.10+0--11572160)
# Java VM: OpenJDK 64-Bit Server VM (17.0.10+0--11572160, mixed mode, tiered, compressed oops, compressed class ptrs, g1 gc, windows-amd64)
GC Precious Log:
 CPUs: 12 total, 12 available
 Memory: 6005M
 Large Page Support: Disabled
 NUMA Support: Disabled
 Compressed Oops: Enabled (32-bit)
 Heap Region Size: 1M
 Heap Min Capacity: 8M
 Heap Initial Capacity: 94M
 Heap Max Capacity: 2G
 Pre-touch: Disabled
 Parallel Workers: 10
 Concurrent Workers: 3
 Concurrent Refinement Workers: 10
 Periodic GC: Disabled
Heap:
 garbage-first heap   total 389120K, used 164556K [0x0000000080000000, 0x0000000100000000)
  region size 1024K, 15 young (15360K), 15 survivors (15360K)
 Metaspace       used 124889K, committed 125760K, reserved 1179648K
  class space    used 17942K, committed 18368K, reserved 1048576K
GC Heap History (20 events):
Event: 15.600 GC heap after
{Heap after GC invocations=34 (full 0):
 garbage-first heap   total 389120K, used 86100K [0x0000000080000000, 0x0000000100000000)
  region size 1024K, 13 young (13312K), 13 survivors (13312K)
 Metaspace       used 89198K, committed 89856K, reserved 1179648K
  class space    used 12283K, committed 12608K, reserved 1048576K
}
Event: 17.988 GC heap before
{Heap before GC invocations=34 (full 0):
 garbage-first heap   total 389120K, used 251988K [0x0000000080000000, 0x0000000100000000)
  region size 1024K, 177 young (181248K), 13 survivors (13312K)
 Metaspace       used 101610K, committed 102336K, reserved 1179648K
  class space    used 13998K, committed 14336K, reserved 1048576K
}
Event: 18.012 GC heap after
{Heap after GC invocations=35 (full 0):
 garbage-first heap   total 389120K, used 98339K [0x0000000080000000, 0x0000000100000000)
  region size 1024K, 25 young (25600K), 25 survivors (25600K)
 Metaspace       used 101610K, committed 102336K, reserved 1179648K
  class space    used 13998K, committed 14336K, reserved 1048576K
}
Event: 20.326 GC heap before
{Heap before GC invocations=36 (full 0):
 garbage-first heap   total 352256K, used 288803K [0x0000000080000000, 0x0000000100000000)
  region size 1024K, 206 young (210944K), 25 survivors (25600K)
 Metaspace       used 105131K, committed 105920K, reserved 1179648K
  class space    used 14503K, committed 14848K, reserved 1048576K
}
Event: 20.358 GC heap after
{Heap after GC invocations=37 (full 0):
 garbage-first heap   total 352256K, used 110244K [0x0000000080000000, 0x0000000100000000)
  region size 1024K, 26 young (26624K), 26 survivors (26624K)
 Metaspace       used 105131K, committed 105920K, reserved 1179648K
  class space    used 14503K, committed 14848K, reserved 1048576K
}
Event: 20.369 GC heap before
{Heap before GC invocations=37 (full 0):
 garbage-first heap   total 352256K, used 110244K [0x0000000080000000, 0x0000000100000000)
  region size 1024K, 27 young (27648K), 26 survivors (26624K)
 Metaspace       used 105132K, committed 105920K, reserved 1179648K
  class space    used 14503K, committed 14848K, reserved 1048576K
}
Event: 20.391 GC heap after
{Heap after GC invocations=38 (full 0):
 garbage-first heap   total 352256K, used 112840K [0x0000000080000000, 0x0000000100000000)
  region size 1024K, 4 young (4096K), 4 survivors (4096K)
 Metaspace       used 105132K, committed 105920K, reserved 1179648K
  class space    used 14503K, committed 14848K, reserved 1048576K
}
Event: 21.578 GC heap before
{Heap before GC invocations=38 (full 0):
 garbage-first heap   total 352256K, used 277704K [0x0000000080000000, 0x0000000100000000)
  region size 1024K, 166 young (169984K), 4 survivors (4096K)
 Metaspace       used 105714K, committed 106560K, reserved 1179648K
  class space    used 14546K, committed 14976K, reserved 1048576K
}
Event: 21.590 GC heap after
{Heap after GC invocations=39 (full 0):
 garbage-first heap   total 352256K, used 119677K [0x0000000080000000, 0x0000000100000000)
  region size 1024K, 11 young (11264K), 11 survivors (11264K)
 Metaspace       used 105714K, committed 106560K, reserved 1179648K
  class space    used 14546K, committed 14976K, reserved 1048576K
}
Event: 22.539 GC heap before
{Heap before GC invocations=39 (full 0):
 garbage-first heap   total 352256K, used 281469K [0x0000000080000000, 0x0000000100000000)
  region size 1024K, 170 young (174080K), 11 survivors (11264K)
 Metaspace       used 107045K, committed 107840K, reserved 1179648K
  class space    used 14738K, committed 15104K, reserved 1048576K
}
Event: 22.556 GC heap after
{Heap after GC invocations=40 (full 0):
 garbage-first heap   total 352256K, used 127190K [0x0000000080000000, 0x0000000100000000)
  region size 1024K, 18 young (18432K), 18 survivors (18432K)
 Metaspace       used 107045K, committed 107840K, reserved 1179648K
  class space    used 14738K, committed 15104K, reserved 1048576K
}
Event: 22.718 GC heap before
{Heap before GC invocations=40 (full 0):
 garbage-first heap   total 352256K, used 156886K [0x0000000080000000, 0x0000000100000000)
  region size 1024K, 48 young (49152K), 18 survivors (18432K)
 Metaspace       used 107200K, committed 107968K, reserved 1179648K
  class space    used 14752K, committed 15104K, reserved 1048576K
}
Event: 22.733 GC heap after
{Heap after GC invocations=41 (full 0):
 garbage-first heap   total 352256K, used 131064K [0x0000000080000000, 0x0000000100000000)
  region size 1024K, 14 young (14336K), 14 survivors (14336K)
 Metaspace       used 107200K, committed 107968K, reserved 1179648K
  class space    used 14752K, committed 15104K, reserved 1048576K
}
Event: 23.739 GC heap before
{Heap before GC invocations=42 (full 0):
 garbage-first heap   total 352256K, used 288760K [0x0000000080000000, 0x0000000100000000)
  region size 1024K, 165 young (168960K), 14 survivors (14336K)
 Metaspace       used 112141K, committed 112960K, reserved 1179648K
  class space    used 15537K, committed 15936K, reserved 1048576K
}
Event: 23.766 GC heap after
{Heap after GC invocations=43 (full 0):
 garbage-first heap   total 352256K, used 149087K [0x0000000080000000, 0x0000000100000000)
  region size 1024K, 21 young (21504K), 21 survivors (21504K)
 Metaspace       used 112141K, committed 112960K, reserved 1179648K
  class space    used 15537K, committed 15936K, reserved 1048576K
}
Event: 23.772 GC heap before
{Heap before GC invocations=43 (full 0):
 garbage-first heap   total 352256K, used 149087K [0x0000000080000000, 0x0000000100000000)
  region size 1024K, 22 young (22528K), 21 survivors (21504K)
 Metaspace       used 112175K, committed 112960K, reserved 1179648K
  class space    used 15544K, committed 15936K, reserved 1048576K
}
Event: 23.787 GC heap after
{Heap after GC invocations=44 (full 0):
 garbage-first heap   total 352256K, used 152268K [0x0000000080000000, 0x0000000100000000)
  region size 1024K, 3 young (3072K), 3 survivors (3072K)
 Metaspace       used 112175K, committed 112960K, reserved 1179648K
  class space    used 15544K, committed 15936K, reserved 1048576K
}
Event: 24.173 GC heap before
{Heap before GC invocations=44 (full 0):
 garbage-first heap   total 352256K, used 285388K [0x0000000080000000, 0x0000000100000000)
  region size 1024K, 132 young (135168K), 3 survivors (3072K)
 Metaspace       used 114334K, committed 115200K, reserved 1179648K
  class space    used 15895K, committed 16320K, reserved 1048576K
}
Event: 24.184 GC heap after
{Heap after GC invocations=45 (full 0):
 garbage-first heap   total 352256K, used 157774K [0x0000000080000000, 0x0000000100000000)
  region size 1024K, 9 young (9216K), 9 survivors (9216K)
 Metaspace       used 114334K, committed 115200K, reserved 1179648K
  class space    used 15895K, committed 16320K, reserved 1048576K
}
Event: 25.637 GC heap before
{Heap before GC invocations=45 (full 0):
 garbage-first heap   total 352256K, used 283726K [0x0000000080000000, 0x0000000100000000)
  region size 1024K, 133 young (136192K), 9 survivors (9216K)
 Metaspace       used 124889K, committed 125760K, reserved 1179648K
  class space    used 17942K, committed 18368K, reserved 1048576K
}

