# JRE version: OpenJDK Runtime Environment (17.0.10) (build 17.0.10+0--11572160)
# Java VM: OpenJDK 64-Bit Server VM (17.0.10+0--11572160, mixed mode, tiered, compressed oops, compressed class ptrs, g1 gc, windows-amd64)
GC Precious Log:
 CPUs: 12 total, 12 available
 Memory: 6005M
 Large Page Support: Disabled
 NUMA Support: Disabled
 Compressed Oops: Enabled (32-bit)
 Heap Region Size: 1M
 Heap Min Capacity: 8M
 Heap Initial Capacity: 94M
 Heap Max Capacity: 2G
 Pre-touch: Disabled
 Parallel Workers: 10
 Concurrent Workers: 3
 Concurrent Refinement Workers: 10
 Periodic GC: Disabled
Heap:
 garbage-first heap   total 372736K, used 168940K [0x0000000080000000, 0x0000000100000000)
  region size 1024K, 4 young (4096K), 4 survivors (4096K)
 Metaspace       used 158119K, committed 159552K, reserved 1245184K
  class space    used 21220K, committed 21888K, reserved 1048576K
GC Heap History (20 events):
Event: 7946.976 GC heap after
{Heap after GC invocations=67 (full 1):
 garbage-first heap   total 367616K, used 156756K [0x0000000080000000, 0x0000000100000000)
  region size 1024K, 2 young (2048K), 2 survivors (2048K)
 Metaspace       used 156231K, committed 157376K, reserved 1245184K
  class space    used 21045K, committed 21632K, reserved 1048576K
}
Event: 7956.417 GC heap before
{Heap before GC invocations=67 (full 1):
 garbage-first heap   total 367616K, used 200788K [0x0000000080000000, 0x0000000100000000)
  region size 1024K, 46 young (47104K), 2 survivors (2048K)
 Metaspace       used 156351K, committed 157504K, reserved 1245184K
  class space    used 21047K, committed 21632K, reserved 1048576K
}
Event: 7956.454 GC heap after
{Heap after GC invocations=68 (full 1):
 garbage-first heap   total 367616K, used 157394K [0x0000000080000000, 0x0000000100000000)
  region size 1024K, 3 young (3072K), 3 survivors (3072K)
 Metaspace       used 156351K, committed 157504K, reserved 1245184K
  class space    used 21047K, committed 21632K, reserved 1048576K
}
Event: 8695.161 GC heap before
{Heap before GC invocations=69 (full 1):
 garbage-first heap   total 367616K, used 345810K [0x0000000080000000, 0x0000000100000000)
  region size 1024K, 132 young (135168K), 3 survivors (3072K)
 Metaspace       used 156571K, committed 157696K, reserved 1245184K
  class space    used 21049K, committed 21632K, reserved 1048576K
}
Event: 8695.293 GC heap after
{Heap after GC invocations=70 (full 1):
 garbage-first heap   total 367616K, used 164997K [0x0000000080000000, 0x0000000100000000)
  region size 1024K, 14 young (14336K), 14 survivors (14336K)
 Metaspace       used 156571K, committed 157696K, reserved 1245184K
  class space    used 21049K, committed 21632K, reserved 1048576K
}
Event: 8695.747 GC heap before
{Heap before GC invocations=70 (full 1):
 garbage-first heap   total 367616K, used 168069K [0x0000000080000000, 0x0000000100000000)
  region size 1024K, 17 young (17408K), 14 survivors (14336K)
 Metaspace       used 156574K, committed 157696K, reserved 1245184K
  class space    used 21049K, committed 21632K, reserved 1048576K
}
Event: 8695.822 GC heap after
{Heap after GC invocations=71 (full 1):
 garbage-first heap   total 367616K, used 156930K [0x0000000080000000, 0x0000000100000000)
  region size 1024K, 2 young (2048K), 2 survivors (2048K)
 Metaspace       used 156574K, committed 157696K, reserved 1245184K
  class space    used 21049K, committed 21632K, reserved 1048576K
}
Event: 8704.429 GC heap before
{Heap before GC invocations=71 (full 1):
 garbage-first heap   total 367616K, used 203010K [0x0000000080000000, 0x0000000100000000)
  region size 1024K, 49 young (50176K), 2 survivors (2048K)
 Metaspace       used 156743K, committed 157952K, reserved 1245184K
  class space    used 21049K, committed 21632K, reserved 1048576K
}
Event: 8704.469 GC heap after
{Heap after GC invocations=72 (full 1):
 garbage-first heap   total 367616K, used 157477K [0x0000000080000000, 0x0000000100000000)
  region size 1024K, 3 young (3072K), 3 survivors (3072K)
 Metaspace       used 156743K, committed 157952K, reserved 1245184K
  class space    used 21049K, committed 21632K, reserved 1048576K
}
Event: 8803.635 GC heap before
{Heap before GC invocations=73 (full 1):
 garbage-first heap   total 372736K, used 353061K [0x0000000080000000, 0x0000000100000000)
  region size 1024K, 136 young (139264K), 3 survivors (3072K)
 Metaspace       used 157456K, committed 158912K, reserved 1245184K
  class space    used 21210K, committed 21888K, reserved 1048576K
}
Event: 8803.805 GC heap after
{Heap after GC invocations=74 (full 1):
 garbage-first heap   total 372736K, used 169445K [0x0000000080000000, 0x0000000100000000)
  region size 1024K, 15 young (15360K), 15 survivors (15360K)
 Metaspace       used 157456K, committed 158912K, reserved 1245184K
  class space    used 21210K, committed 21888K, reserved 1048576K
}
Event: 8803.954 GC heap before
{Heap before GC invocations=74 (full 1):
 garbage-first heap   total 372736K, used 172517K [0x0000000080000000, 0x0000000100000000)
  region size 1024K, 18 young (18432K), 15 survivors (15360K)
 Metaspace       used 157465K, committed 158912K, reserved 1245184K
  class space    used 21211K, committed 21888K, reserved 1048576K
}
Event: 8804.135 GC heap after
{Heap after GC invocations=75 (full 1):
 garbage-first heap   total 372736K, used 157564K [0x0000000080000000, 0x0000000100000000)
  region size 1024K, 2 young (2048K), 2 survivors (2048K)
 Metaspace       used 157465K, committed 158912K, reserved 1245184K
  class space    used 21211K, committed 21888K, reserved 1048576K
}
Event: 9357.186 GC heap before
{Heap before GC invocations=75 (full 1):
 garbage-first heap   total 372736K, used 300924K [0x0000000080000000, 0x0000000100000000)
  region size 1024K, 143 young (146432K), 2 survivors (2048K)
 Metaspace       used 157645K, committed 159040K, reserved 1245184K
  class space    used 21213K, committed 21888K, reserved 1048576K
}
Event: 9357.238 GC heap after
{Heap after GC invocations=76 (full 1):
 garbage-first heap   total 372736K, used 168714K [0x0000000080000000, 0x0000000100000000)
  region size 1024K, 13 young (13312K), 13 survivors (13312K)
 Metaspace       used 157645K, committed 159040K, reserved 1245184K
  class space    used 21213K, committed 21888K, reserved 1048576K
}
Event: 9422.171 GC heap before
{Heap before GC invocations=77 (full 1):
 garbage-first heap   total 372736K, used 343818K [0x0000000080000000, 0x0000000100000000)
  region size 1024K, 130 young (133120K), 13 survivors (13312K)
 Metaspace       used 157899K, committed 159296K, reserved 1245184K
  class space    used 21217K, committed 21888K, reserved 1048576K
}
Event: 9422.316 GC heap after
{Heap after GC invocations=78 (full 1):
 garbage-first heap   total 372736K, used 174869K [0x0000000080000000, 0x0000000100000000)
  region size 1024K, 12 young (12288K), 12 survivors (12288K)
 Metaspace       used 157899K, committed 159296K, reserved 1245184K
  class space    used 21217K, committed 21888K, reserved 1048576K
}
Event: 9422.400 GC heap before
{Heap before GC invocations=78 (full 1):
 garbage-first heap   total 372736K, used 181013K [0x0000000080000000, 0x0000000100000000)
  region size 1024K, 18 young (18432K), 12 survivors (12288K)
 Metaspace       used 157900K, committed 159296K, reserved 1245184K
  class space    used 21217K, committed 21888K, reserved 1048576K
}
Event: 9422.444 GC heap after
{Heap after GC invocations=79 (full 1):
 garbage-first heap   total 372736K, used 167157K [0x0000000080000000, 0x0000000100000000)
  region size 1024K, 3 young (3072K), 3 survivors (3072K)
 Metaspace       used 157900K, committed 159296K, reserved 1245184K
  class space    used 21217K, committed 21888K, reserved 1048576K
}
Event: 9433.460 GC heap before
{Heap before GC invocations=79 (full 1):
 garbage-first heap   total 372736K, used 231669K [0x0000000080000000, 0x0000000100000000)
  region size 1024K, 67 young (68608K), 3 survivors (3072K)
 Metaspace       used 158119K, committed 159552K, reserved 1245184K
  class space    used 21220K, committed 21888K, reserved 1048576K
}

