# JRE version: OpenJDK Runtime Environment (17.0.10) (build 17.0.10+0--11572160)
# Java VM: OpenJDK 64-Bit Server VM (17.0.10+0--11572160, mixed mode, tiered, compressed oops, compressed class ptrs, g1 gc, windows-amd64)
GC Precious Log:
 CPUs: 12 total, 12 available
 Memory: 6005M
 Large Page Support: Disabled
 NUMA Support: Disabled
 Compressed Oops: Enabled (32-bit)
 Heap Region Size: 1M
 Heap Min Capacity: 8M
 Heap Initial Capacity: 94M
 Heap Max Capacity: 2G
 Pre-touch: Disabled
 Parallel Workers: 10
 Concurrent Workers: 3
 Concurrent Refinement Workers: 10
 Periodic GC: Disabled
Heap:
 garbage-first heap   total 410624K, used 191910K [0x0000000080000000, 0x0000000100000000)
  region size 1024K, 15 young (15360K), 15 survivors (15360K)
 Metaspace       used 150407K, committed 151872K, reserved 1245184K
  class space    used 20266K, committed 20928K, reserved 1048576K
GC Heap History (20 events):
Event: 2883.416 GC heap after
{Heap after GC invocations=77 (full 0):
 garbage-first heap   total 397312K, used 174297K [0x0000000080000000, 0x0000000100000000)
  region size 1024K, 2 young (2048K), 2 survivors (2048K)
 Metaspace       used 149981K, committed 151488K, reserved 1179648K
  class space    used 20256K, committed 20928K, reserved 1048576K
}
Event: 2884.018 GC heap before
{Heap before GC invocations=77 (full 0):
 garbage-first heap   total 397312K, used 184537K [0x0000000080000000, 0x0000000100000000)
  region size 1024K, 13 young (13312K), 2 survivors (2048K)
 Metaspace       used 149999K, committed 151488K, reserved 1179648K
  class space    used 20257K, committed 20928K, reserved 1048576K
}
Event: 2884.032 GC heap after
{Heap after GC invocations=78 (full 0):
 garbage-first heap   total 397312K, used 174165K [0x0000000080000000, 0x0000000100000000)
  region size 1024K, 2 young (2048K), 2 survivors (2048K)
 Metaspace       used 149999K, committed 151488K, reserved 1179648K
  class space    used 20257K, committed 20928K, reserved 1048576K
}
Event: 3003.681 GC heap before
{Heap before GC invocations=79 (full 0):
 garbage-first heap   total 397312K, used 373845K [0x0000000080000000, 0x0000000100000000)
  region size 1024K, 143 young (146432K), 2 survivors (2048K)
 Metaspace       used 150177K, committed 151616K, reserved 1179648K
  class space    used 20264K, committed 20928K, reserved 1048576K
}
Event: 3003.914 GC heap after
{Heap after GC invocations=80 (full 0):
 garbage-first heap   total 410624K, used 199481K [0x0000000080000000, 0x0000000100000000)
  region size 1024K, 18 young (18432K), 18 survivors (18432K)
 Metaspace       used 150177K, committed 151616K, reserved 1179648K
  class space    used 20264K, committed 20928K, reserved 1048576K
}
Event: 3003.969 GC heap before
{Heap before GC invocations=80 (full 0):
 garbage-first heap   total 410624K, used 201529K [0x0000000080000000, 0x0000000100000000)
  region size 1024K, 20 young (20480K), 18 survivors (18432K)
 Metaspace       used 150180K, committed 151616K, reserved 1179648K
  class space    used 20264K, committed 20928K, reserved 1048576K
}
Event: 3004.270 GC heap after
{Heap after GC invocations=81 (full 0):
 garbage-first heap   total 410624K, used 188541K [0x0000000080000000, 0x0000000100000000)
  region size 1024K, 3 young (3072K), 3 survivors (3072K)
 Metaspace       used 150180K, committed 151616K, reserved 1179648K
  class space    used 20264K, committed 20928K, reserved 1048576K
}
Event: 3004.327 GC heap before
{Heap before GC invocations=81 (full 0):
 garbage-first heap   total 410624K, used 192637K [0x0000000080000000, 0x0000000100000000)
  region size 1024K, 8 young (8192K), 3 survivors (3072K)
 Metaspace       used 150181K, committed 151616K, reserved 1179648K
  class space    used 20264K, committed 20928K, reserved 1048576K
}
Event: 3004.363 GC heap after
{Heap after GC invocations=82 (full 0):
 garbage-first heap   total 410624K, used 192471K [0x0000000080000000, 0x0000000100000000)
  region size 1024K, 7 young (7168K), 7 survivors (7168K)
 Metaspace       used 150181K, committed 151616K, reserved 1179648K
  class space    used 20264K, committed 20928K, reserved 1048576K
}
Event: 3010.546 GC heap before
{Heap before GC invocations=83 (full 0):
 garbage-first heap   total 410624K, used 294871K [0x0000000080000000, 0x0000000100000000)
  region size 1024K, 79 young (80896K), 7 survivors (7168K)
 Metaspace       used 150264K, committed 151680K, reserved 1179648K
  class space    used 20264K, committed 20928K, reserved 1048576K
}
Event: 3010.586 GC heap after
{Heap after GC invocations=84 (full 0):
 garbage-first heap   total 410624K, used 199926K [0x0000000080000000, 0x0000000100000000)
  region size 1024K, 10 young (10240K), 10 survivors (10240K)
 Metaspace       used 150264K, committed 151680K, reserved 1179648K
  class space    used 20264K, committed 20928K, reserved 1048576K
}
Event: 3010.608 GC heap before
{Heap before GC invocations=84 (full 0):
 garbage-first heap   total 410624K, used 210166K [0x0000000080000000, 0x0000000100000000)
  region size 1024K, 20 young (20480K), 10 survivors (10240K)
 Metaspace       used 150266K, committed 151680K, reserved 1179648K
  class space    used 20264K, committed 20928K, reserved 1048576K
}
Event: 3010.662 GC heap after
{Heap after GC invocations=85 (full 0):
 garbage-first heap   total 410624K, used 184279K [0x0000000080000000, 0x0000000100000000)
  region size 1024K, 1 young (1024K), 1 survivors (1024K)
 Metaspace       used 150266K, committed 151680K, reserved 1179648K
  class space    used 20264K, committed 20928K, reserved 1048576K
}
Event: 3011.647 GC heap before
{Heap before GC invocations=85 (full 0):
 garbage-first heap   total 410624K, used 200663K [0x0000000080000000, 0x0000000100000000)
  region size 1024K, 19 young (19456K), 1 survivors (1024K)
 Metaspace       used 150282K, committed 151744K, reserved 1179648K
  class space    used 20264K, committed 20928K, reserved 1048576K
}
Event: 3011.664 GC heap after
{Heap after GC invocations=86 (full 0):
 garbage-first heap   total 410624K, used 185574K [0x0000000080000000, 0x0000000100000000)
  region size 1024K, 2 young (2048K), 2 survivors (2048K)
 Metaspace       used 150282K, committed 151744K, reserved 1179648K
  class space    used 20264K, committed 20928K, reserved 1048576K
}
Event: 3069.487 GC heap before
{Heap before GC invocations=87 (full 0):
 garbage-first heap   total 410624K, used 338150K [0x0000000080000000, 0x0000000100000000)
  region size 1024K, 101 young (103424K), 2 survivors (2048K)
 Metaspace       used 150381K, committed 151872K, reserved 1245184K
  class space    used 20266K, committed 20928K, reserved 1048576K
}
Event: 3069.580 GC heap after
{Heap after GC invocations=88 (full 0):
 garbage-first heap   total 410624K, used 190051K [0x0000000080000000, 0x0000000100000000)
  region size 1024K, 13 young (13312K), 13 survivors (13312K)
 Metaspace       used 150381K, committed 151872K, reserved 1245184K
  class space    used 20266K, committed 20928K, reserved 1048576K
}
Event: 3069.651 GC heap before
{Heap before GC invocations=88 (full 0):
 garbage-first heap   total 410624K, used 197219K [0x0000000080000000, 0x0000000100000000)
  region size 1024K, 20 young (20480K), 13 survivors (13312K)
 Metaspace       used 150381K, committed 151872K, reserved 1245184K
  class space    used 20266K, committed 20928K, reserved 1048576K
}
Event: 3069.884 GC heap after
{Heap after GC invocations=89 (full 0):
 garbage-first heap   total 410624K, used 170116K [0x0000000080000000, 0x0000000100000000)
  region size 1024K, 3 young (3072K), 3 survivors (3072K)
 Metaspace       used 150381K, committed 151872K, reserved 1245184K
  class space    used 20266K, committed 20928K, reserved 1048576K
}
Event: 3070.891 GC heap before
{Heap before GC invocations=89 (full 0):
 garbage-first heap   total 410624K, used 209028K [0x0000000080000000, 0x0000000100000000)
  region size 1024K, 43 young (44032K), 3 survivors (3072K)
 Metaspace       used 150407K, committed 151872K, reserved 1245184K
  class space    used 20266K, committed 20928K, reserved 1048576K
}

